This is pdfTeX, Version 3.14159265-2.6-1.40.16 (TeX Live 2015/Debian) (preloaded format=pdflatex 2018.4.16)  14 JUL 2018 17:06
entering extended mode
 restricted \write18 enabled.
 file:line:error style messages enabled.
 %&-line parsing enabled.
**final_report.tex
(./final_report.tex
LaTeX2e <2016/02/01>
Babel <3.9q> and hyphenation patterns for 81 language(s) loaded.
(/usr/share/texlive/texmf-dist/tex/platex/jsclasses/jsarticle.cls

/usr/share/texlive/texmf-dist/tex/platex/jsclasses/jsarticle.cls:38: LaTeX Erro
r: This file needs format `pLaTeX2e'
               but this is `LaTeX2e'.

See the LaTeX manual or LaTeX Companion for explanation.
Type  H <return>  for immediate help.
 ...                                              
                                                  
l.38 \NeedsTeXFormat{pLaTeX2e}
                              
The current input file will not be processed further,
because it was written for some other flavor of TeX.
You're in trouble here.  Try typing  <return>  to proceed.
If that doesn't work, type  X <return>  to quit.

) (/usr/share/texlive/texmf-dist/tex/latex/base/inputenc.sty
Package: inputenc 2015/03/17 v1.2c Input encoding file
\inpenc@prehook=\toks14
\inpenc@posthook=\toks15

(/usr/share/texlive/texmf-dist/tex/latex/base/utf8.def
File: utf8.def 2015/12/03 v1.1r UTF-8 support for inputenc
Now handling font encoding OML ...
... no UTF-8 mapping file for font encoding OML
Now handling font encoding T1 ...
... processing UTF-8 mapping file for font encoding T1

(/usr/share/texlive/texmf-dist/tex/latex/base/t1enc.dfu
File: t1enc.dfu 2015/12/03 v1.1r UTF-8 support for inputenc
   defining Unicode char U+00A0 (decimal 160)
   defining Unicode char U+00A1 (decimal 161)
   defining Unicode char U+00A3 (decimal 163)
   defining Unicode char U+00AB (decimal 171)
   defining Unicode char U+00AD (decimal 173)
   defining Unicode char U+00BB (decimal 187)
   defining Unicode char U+00BF (decimal 191)
   defining Unicode char U+00C0 (decimal 192)
   defining Unicode char U+00C1 (decimal 193)
   defining Unicode char U+00C2 (decimal 194)
   defining Unicode char U+00C3 (decimal 195)
   defining Unicode char U+00C4 (decimal 196)
   defining Unicode char U+00C5 (decimal 197)
   defining Unicode char U+00C6 (decimal 198)
   defining Unicode char U+00C7 (decimal 199)
   defining Unicode char U+00C8 (decimal 200)
   defining Unicode char U+00C9 (decimal 201)
   defining Unicode char U+00CA (decimal 202)
   defining Unicode char U+00CB (decimal 203)
   defining Unicode char U+00CC (decimal 204)
   defining Unicode char U+00CD (decimal 205)
   defining Unicode char U+00CE (decimal 206)
   defining Unicode char U+00CF (decimal 207)
   defining Unicode char U+00D0 (decimal 208)
   defining Unicode char U+00D1 (decimal 209)
   defining Unicode char U+00D2 (decimal 210)
   defining Unicode char U+00D3 (decimal 211)
   defining Unicode char U+00D4 (decimal 212)
   defining Unicode char U+00D5 (decimal 213)
   defining Unicode char U+00D6 (decimal 214)
   defining Unicode char U+00D8 (decimal 216)
   defining Unicode char U+00D9 (decimal 217)
   defining Unicode char U+00DA (decimal 218)
   defining Unicode char U+00DB (decimal 219)
   defining Unicode char U+00DC (decimal 220)
   defining Unicode char U+00DD (decimal 221)
   defining Unicode char U+00DE (decimal 222)
   defining Unicode char U+00DF (decimal 223)
   defining Unicode char U+00E0 (decimal 224)
   defining Unicode char U+00E1 (decimal 225)
   defining Unicode char U+00E2 (decimal 226)
   defining Unicode char U+00E3 (decimal 227)
   defining Unicode char U+00E4 (decimal 228)
   defining Unicode char U+00E5 (decimal 229)
   defining Unicode char U+00E6 (decimal 230)
   defining Unicode char U+00E7 (decimal 231)
   defining Unicode char U+00E8 (decimal 232)
   defining Unicode char U+00E9 (decimal 233)
   defining Unicode char U+00EA (decimal 234)
   defining Unicode char U+00EB (decimal 235)
   defining Unicode char U+00EC (decimal 236)
   defining Unicode char U+00ED (decimal 237)
   defining Unicode char U+00EE (decimal 238)
   defining Unicode char U+00EF (decimal 239)
   defining Unicode char U+00F0 (decimal 240)
   defining Unicode char U+00F1 (decimal 241)
   defining Unicode char U+00F2 (decimal 242)
   defining Unicode char U+00F3 (decimal 243)
   defining Unicode char U+00F4 (decimal 244)
   defining Unicode char U+00F5 (decimal 245)
   defining Unicode char U+00F6 (decimal 246)
   defining Unicode char U+00F8 (decimal 248)
   defining Unicode char U+00F9 (decimal 249)
   defining Unicode char U+00FA (decimal 250)
   defining Unicode char U+00FB (decimal 251)
   defining Unicode char U+00FC (decimal 252)
   defining Unicode char U+00FD (decimal 253)
   defining Unicode char U+00FE (decimal 254)
   defining Unicode char U+00FF (decimal 255)
   defining Unicode char U+0100 (decimal 256)
   defining Unicode char U+0101 (decimal 257)
   defining Unicode char U+0102 (decimal 258)
   defining Unicode char U+0103 (decimal 259)
   defining Unicode char U+0104 (decimal 260)
   defining Unicode char U+0105 (decimal 261)
   defining Unicode char U+0106 (decimal 262)
   defining Unicode char U+0107 (decimal 263)
   defining Unicode char U+0108 (decimal 264)
   defining Unicode char U+0109 (decimal 265)
   defining Unicode char U+010A (decimal 266)
   defining Unicode char U+010B (decimal 267)
   defining Unicode char U+010C (decimal 268)
   defining Unicode char U+010D (decimal 269)
   defining Unicode char U+010E (decimal 270)
   defining Unicode char U+010F (decimal 271)
   defining Unicode char U+0110 (decimal 272)
   defining Unicode char U+0111 (decimal 273)
   defining Unicode char U+0112 (decimal 274)
   defining Unicode char U+0113 (decimal 275)
   defining Unicode char U+0114 (decimal 276)
   defining Unicode char U+0115 (decimal 277)
   defining Unicode char U+0116 (decimal 278)
   defining Unicode char U+0117 (decimal 279)
   defining Unicode char U+0118 (decimal 280)
   defining Unicode char U+0119 (decimal 281)
   defining Unicode char U+011A (decimal 282)
   defining Unicode char U+011B (decimal 283)
   defining Unicode char U+011C (decimal 284)
   defining Unicode char U+011D (decimal 285)
   defining Unicode char U+011E (decimal 286)
   defining Unicode char U+011F (decimal 287)
   defining Unicode char U+0120 (decimal 288)
   defining Unicode char U+0121 (decimal 289)
   defining Unicode char U+0122 (decimal 290)
   defining Unicode char U+0123 (decimal 291)
   defining Unicode char U+0124 (decimal 292)
   defining Unicode char U+0125 (decimal 293)
   defining Unicode char U+0128 (decimal 296)
   defining Unicode char U+0129 (decimal 297)
   defining Unicode char U+012A (decimal 298)
   defining Unicode char U+012B (decimal 299)
   defining Unicode char U+012C (decimal 300)
   defining Unicode char U+012D (decimal 301)
   defining Unicode char U+012E (decimal 302)
   defining Unicode char U+012F (decimal 303)
   defining Unicode char U+0130 (decimal 304)
   defining Unicode char U+0131 (decimal 305)
   defining Unicode char U+0132 (decimal 306)
   defining Unicode char U+0133 (decimal 307)
   defining Unicode char U+0134 (decimal 308)
   defining Unicode char U+0135 (decimal 309)
   defining Unicode char U+0136 (decimal 310)
   defining Unicode char U+0137 (decimal 311)
   defining Unicode char U+0139 (decimal 313)
   defining Unicode char U+013A (decimal 314)
   defining Unicode char U+013B (decimal 315)
   defining Unicode char U+013C (decimal 316)
   defining Unicode char U+013D (decimal 317)
   defining Unicode char U+013E (decimal 318)
   defining Unicode char U+0141 (decimal 321)
   defining Unicode char U+0142 (decimal 322)
   defining Unicode char U+0143 (decimal 323)
   defining Unicode char U+0144 (decimal 324)
   defining Unicode char U+0145 (decimal 325)
   defining Unicode char U+0146 (decimal 326)
   defining Unicode char U+0147 (decimal 327)
   defining Unicode char U+0148 (decimal 328)
   defining Unicode char U+014A (decimal 330)
   defining Unicode char U+014B (decimal 331)
   defining Unicode char U+014C (decimal 332)
   defining Unicode char U+014D (decimal 333)
   defining Unicode char U+014E (decimal 334)
   defining Unicode char U+014F (decimal 335)
   defining Unicode char U+0150 (decimal 336)
   defining Unicode char U+0151 (decimal 337)
   defining Unicode char U+0152 (decimal 338)
   defining Unicode char U+0153 (decimal 339)
   defining Unicode char U+0154 (decimal 340)
   defining Unicode char U+0155 (decimal 341)
   defining Unicode char U+0156 (decimal 342)
   defining Unicode char U+0157 (decimal 343)
   defining Unicode char U+0158 (decimal 344)
   defining Unicode char U+0159 (decimal 345)
   defining Unicode char U+015A (decimal 346)
   defining Unicode char U+015B (decimal 347)
   defining Unicode char U+015C (decimal 348)
   defining Unicode char U+015D (decimal 349)
   defining Unicode char U+015E (decimal 350)
   defining Unicode char U+015F (decimal 351)
   defining Unicode char U+0160 (decimal 352)
   defining Unicode char U+0161 (decimal 353)
   defining Unicode char U+0162 (decimal 354)
   defining Unicode char U+0163 (decimal 355)
   defining Unicode char U+0164 (decimal 356)
   defining Unicode char U+0165 (decimal 357)
   defining Unicode char U+0168 (decimal 360)
   defining Unicode char U+0169 (decimal 361)
   defining Unicode char U+016A (decimal 362)
   defining Unicode char U+016B (decimal 363)
   defining Unicode char U+016C (decimal 364)
   defining Unicode char U+016D (decimal 365)
   defining Unicode char U+016E (decimal 366)
   defining Unicode char U+016F (decimal 367)
   defining Unicode char U+0170 (decimal 368)
   defining Unicode char U+0171 (decimal 369)
   defining Unicode char U+0172 (decimal 370)
   defining Unicode char U+0173 (decimal 371)
   defining Unicode char U+0174 (decimal 372)
   defining Unicode char U+0175 (decimal 373)
   defining Unicode char U+0176 (decimal 374)
   defining Unicode char U+0177 (decimal 375)
   defining Unicode char U+0178 (decimal 376)
   defining Unicode char U+0179 (decimal 377)
   defining Unicode char U+017A (decimal 378)
   defining Unicode char U+017B (decimal 379)
   defining Unicode char U+017C (decimal 380)
   defining Unicode char U+017D (decimal 381)
   defining Unicode char U+017E (decimal 382)
   defining Unicode char U+01CD (decimal 461)
   defining Unicode char U+01CE (decimal 462)
   defining Unicode char U+01CF (decimal 463)
   defining Unicode char U+01D0 (decimal 464)
   defining Unicode char U+01D1 (decimal 465)
   defining Unicode char U+01D2 (decimal 466)
   defining Unicode char U+01D3 (decimal 467)
   defining Unicode char U+01D4 (decimal 468)
   defining Unicode char U+01E2 (decimal 482)
   defining Unicode char U+01E3 (decimal 483)
   defining Unicode char U+01E6 (decimal 486)
   defining Unicode char U+01E7 (decimal 487)
   defining Unicode char U+01E8 (decimal 488)
   defining Unicode char U+01E9 (decimal 489)
   defining Unicode char U+01EA (decimal 490)
   defining Unicode char U+01EB (decimal 491)
   defining Unicode char U+01F0 (decimal 496)
   defining Unicode char U+01F4 (decimal 500)
   defining Unicode char U+01F5 (decimal 501)
   defining Unicode char U+0218 (decimal 536)
   defining Unicode char U+0219 (decimal 537)
   defining Unicode char U+021A (decimal 538)
   defining Unicode char U+021B (decimal 539)
   defining Unicode char U+01E02 (decimal 7682)
   defining Unicode char U+01E03 (decimal 7683)
   defining Unicode char U+200C (decimal 8204)
   defining Unicode char U+2013 (decimal 8211)
   defining Unicode char U+2014 (decimal 8212)
   defining Unicode char U+2018 (decimal 8216)
   defining Unicode char U+2019 (decimal 8217)
   defining Unicode char U+201A (decimal 8218)
   defining Unicode char U+201C (decimal 8220)
   defining Unicode char U+201D (decimal 8221)
   defining Unicode char U+201E (decimal 8222)
   defining Unicode char U+2030 (decimal 8240)
   defining Unicode char U+2031 (decimal 8241)
   defining Unicode char U+2039 (decimal 8249)
   defining Unicode char U+203A (decimal 8250)
   defining Unicode char U+2423 (decimal 9251)
)
Now handling font encoding OT1 ...
... processing UTF-8 mapping file for font encoding OT1

(/usr/share/texlive/texmf-dist/tex/latex/base/ot1enc.dfu
File: ot1enc.dfu 2015/12/03 v1.1r UTF-8 support for inputenc
   defining Unicode char U+00A0 (decimal 160)
   defining Unicode char U+00A1 (decimal 161)
   defining Unicode char U+00A3 (decimal 163)
   defining Unicode char U+00AD (decimal 173)
   defining Unicode char U+00B8 (decimal 184)
   defining Unicode char U+00BF (decimal 191)
   defining Unicode char U+00C5 (decimal 197)
   defining Unicode char U+00C6 (decimal 198)
   defining Unicode char U+00D8 (decimal 216)
   defining Unicode char U+00DF (decimal 223)
   defining Unicode char U+00E6 (decimal 230)
   defining Unicode char U+00EC (decimal 236)
   defining Unicode char U+00ED (decimal 237)
   defining Unicode char U+00EE (decimal 238)
   defining Unicode char U+00EF (decimal 239)
   defining Unicode char U+00F8 (decimal 248)
   defining Unicode char U+0131 (decimal 305)
   defining Unicode char U+0141 (decimal 321)
   defining Unicode char U+0142 (decimal 322)
   defining Unicode char U+0152 (decimal 338)
   defining Unicode char U+0153 (decimal 339)
   defining Unicode char U+0174 (decimal 372)
   defining Unicode char U+0175 (decimal 373)
   defining Unicode char U+0176 (decimal 374)
   defining Unicode char U+0177 (decimal 375)
   defining Unicode char U+0218 (decimal 536)
   defining Unicode char U+0219 (decimal 537)
   defining Unicode char U+021A (decimal 538)
   defining Unicode char U+021B (decimal 539)
   defining Unicode char U+2013 (decimal 8211)
   defining Unicode char U+2014 (decimal 8212)
   defining Unicode char U+2018 (decimal 8216)
   defining Unicode char U+2019 (decimal 8217)
   defining Unicode char U+201C (decimal 8220)
   defining Unicode char U+201D (decimal 8221)
)
Now handling font encoding OMS ...
... processing UTF-8 mapping file for font encoding OMS

(/usr/share/texlive/texmf-dist/tex/latex/base/omsenc.dfu
File: omsenc.dfu 2015/12/03 v1.1r UTF-8 support for inputenc
   defining Unicode char U+00A7 (decimal 167)
   defining Unicode char U+00B6 (decimal 182)
   defining Unicode char U+00B7 (decimal 183)
   defining Unicode char U+2020 (decimal 8224)
   defining Unicode char U+2021 (decimal 8225)
   defining Unicode char U+2022 (decimal 8226)
)
Now handling font encoding OMX ...
... no UTF-8 mapping file for font encoding OMX
Now handling font encoding U ...
... no UTF-8 mapping file for font encoding U
   defining Unicode char U+00A9 (decimal 169)
   defining Unicode char U+00AA (decimal 170)
   defining Unicode char U+00AE (decimal 174)
   defining Unicode char U+00BA (decimal 186)
   defining Unicode char U+02C6 (decimal 710)
   defining Unicode char U+02DC (decimal 732)
   defining Unicode char U+200C (decimal 8204)
   defining Unicode char U+2026 (decimal 8230)
   defining Unicode char U+2122 (decimal 8482)
   defining Unicode char U+2423 (decimal 9251)
)) (./final_report.aux)
\openout1 = `final_report.aux'.

LaTeX Font Info:    Checking defaults for OML/cmm/m/it on input line 8.
LaTeX Font Info:    ... okay on input line 8.
LaTeX Font Info:    Checking defaults for T1/cmr/m/n on input line 8.
LaTeX Font Info:    ... okay on input line 8.
LaTeX Font Info:    Checking defaults for OT1/cmr/m/n on input line 8.
LaTeX Font Info:    ... okay on input line 8.
LaTeX Font Info:    Checking defaults for OMS/cmsy/m/n on input line 8.
LaTeX Font Info:    ... okay on input line 8.
LaTeX Font Info:    Checking defaults for OMX/cmex/m/n on input line 8.
LaTeX Font Info:    ... okay on input line 8.
LaTeX Font Info:    Checking defaults for U/cmr/m/n on input line 8.
LaTeX Font Info:    ... okay on input line 8.


./final_report.tex:8: LaTeX Error: The font size command \normalsize is not def
ined:
               there is probably something wrong with the class file.

See the LaTeX manual or LaTeX Companion for explanation.
Type  H <return>  for immediate help.
 ...                                              
                                                  
l.8 \begin{document}
                    
Your command was ignored.
Type  I <command> <return>  to replace it with another command,
or  <return>  to continue without it.

./final_report.tex:10: Undefined control sequence.
l.10 \maketitle
               
The control sequence at the end of the top line
of your error message was never \def'ed. If you have
misspelled it (e.g., `\hobx'), type `I' and the correct
spelling (e.g., `I\hbox'). Otherwise just continue,
and I'll forget about whatever was undefined.


./final_report.tex:12: LaTeX Error: Environment abstract undefined.

See the LaTeX manual or LaTeX Companion for explanation.
Type  H <return>  for immediate help.
 ...                                              
                                                  
l.12 \begin{abstract}
                     
Your command was ignored.
Type  I <command> <return>  to replace it with another command,
or  <return>  to continue without it.


./final_report.tex:13: Package inputenc Error: Unicode char Êú¨ (U+672C)
(inputenc)                not set up for use with LaTeX.

See the inputenc package documentation for explanation.
Type  H <return>  for immediate help.
 ...                                              
                                                  
l.13 Êú¨
        Á®ø„ÅØ„ÄÅÁèæÂú®Kaggle„Å´„Åä„ÅÑ„Å¶Ë°å„Çè„Çå„Å¶„ÅÑ„ÇãHome Credit Group...

Your command was ignored.
Type  I <command> <return>  to replace it with another command,
or  <return>  to continue without it.


./final_report.tex:13: Package inputenc Error: Unicode char Á®ø (U+7A3F)
(inputenc)                not set up for use with LaTeX.

See the inputenc package documentation for explanation.
Type  H <return>  for immediate help.
 ...                                              
                                                  
l.13 Êú¨Á®ø
           „ÅØ„ÄÅÁèæÂú®Kaggle„Å´„Åä„ÅÑ„Å¶Ë°å„Çè„Çå„Å¶„ÅÑ„ÇãHome Credit Group...

Your command was ignored.
Type  I <command> <return>  to replace it with another command,
or  <return>  to continue without it.


./final_report.tex:13: Package inputenc Error: Unicode char „ÅØ (U+306F)
(inputenc)                not set up for use with LaTeX.

See the inputenc package documentation for explanation.
Type  H <return>  for immediate help.
 ...                                              
                                                  
l.13 Êú¨Á®ø„ÅØ
              „ÄÅÁèæÂú®Kaggle„Å´„Åä„ÅÑ„Å¶Ë°å„Çè„Çå„Å¶„ÅÑ„ÇãHome Credit Group...

Your command was ignored.
Type  I <command> <return>  to replace it with another command,
or  <return>  to continue without it.


./final_report.tex:13: Package inputenc Error: Unicode char „ÄÅ (U+3001)
(inputenc)                not set up for use with LaTeX.

See the inputenc package documentation for explanation.
Type  H <return>  for immediate help.
 ...                                              
                                                  
l.13 Êú¨Á®ø„ÅØ„ÄÅ
                 ÁèæÂú®Kaggle„Å´„Åä„ÅÑ„Å¶Ë°å„Çè„Çå„Å¶„ÅÑ„ÇãHome Credit Group...

Your command was ignored.
Type  I <command> <return>  to replace it with another command,
or  <return>  to continue without it.


./final_report.tex:13: Package inputenc Error: Unicode char Áèæ (U+73FE)
(inputenc)                not set up for use with LaTeX.

See the inputenc package documentation for explanation.
Type  H <return>  for immediate help.
 ...                                              
                                                  
l.13 Êú¨Á®ø„ÅØ„ÄÅÁèæ
                    Âú®Kaggle„Å´„Åä„ÅÑ„Å¶Ë°å„Çè„Çå„Å¶„ÅÑ„ÇãHome Credit Group...

Your command was ignored.
Type  I <command> <return>  to replace it with another command,
or  <return>  to continue without it.


./final_report.tex:13: Package inputenc Error: Unicode char Âú® (U+5728)
(inputenc)                not set up for use with LaTeX.

See the inputenc package documentation for explanation.
Type  H <return>  for immediate help.
 ...                                              
                                                  
l.13 Êú¨Á®ø„ÅØ„ÄÅÁèæÂú®
                       Kaggle„Å´„Åä„ÅÑ„Å¶Ë°å„Çè„Çå„Å¶„ÅÑ„ÇãHome Credit Group...

Your command was ignored.
Type  I <command> <return>  to replace it with another command,
or  <return>  to continue without it.

Missing character: There is no K in font nullfont!
Missing character: There is no a in font nullfont!
Missing character: There is no g in font nullfont!
Missing character: There is no g in font nullfont!
Missing character: There is no l in font nullfont!
Missing character: There is no e in font nullfont!

./final_report.tex:13: Package inputenc Error: Unicode char „Å´ (U+306B)
(inputenc)                not set up for use with LaTeX.

See the inputenc package documentation for explanation.
Type  H <return>  for immediate help.
 ...                                              
                                                  
l.13 Êú¨Á®ø„ÅØ„ÄÅÁèæÂú®Kaggle„Å´
                                „Åä„ÅÑ„Å¶Ë°å„Çè„Çå„Å¶„ÅÑ„ÇãHome Credit Group...

Your command was ignored.
Type  I <command> <return>  to replace it with another command,
or  <return>  to continue without it.


./final_report.tex:13: Package inputenc Error: Unicode char „Åä (U+304A)
(inputenc)                not set up for use with LaTeX.

See the inputenc package documentation for explanation.
Type  H <return>  for immediate help.
 ...                                              
                                                  
l.13 Êú¨Á®ø„ÅØ„ÄÅÁèæÂú®Kaggle„Å´„Åä
                                   „ÅÑ„Å¶Ë°å„Çè„Çå„Å¶„ÅÑ„ÇãHome Credit Group...

Your command was ignored.
Type  I <command> <return>  to replace it with another command,
or  <return>  to continue without it.


./final_report.tex:13: Package inputenc Error: Unicode char „ÅÑ (U+3044)
(inputenc)                not set up for use with LaTeX.

See the inputenc package documentation for explanation.
Type  H <return>  for immediate help.
 ...                                              
                                                  
l.13 Êú¨Á®ø„ÅØ„ÄÅÁèæÂú®Kaggle„Å´„Åä„ÅÑ
                                      „Å¶Ë°å„Çè„Çå„Å¶„ÅÑ„ÇãHome Credit Group...

Your command was ignored.
Type  I <command> <return>  to replace it with another command,
or  <return>  to continue without it.


./final_report.tex:13: Package inputenc Error: Unicode char „Å¶ (U+3066)
(inputenc)                not set up for use with LaTeX.

See the inputenc package documentation for explanation.
Type  H <return>  for immediate help.
 ...                                              
                                                  
l.13 Êú¨Á®ø„ÅØ„ÄÅÁèæÂú®Kaggle„Å´„Åä„ÅÑ„Å¶
                                         Ë°å„Çè„Çå„Å¶„ÅÑ„ÇãHome Credit Group...

Your command was ignored.
Type  I <command> <return>  to replace it with another command,
or  <return>  to continue without it.


./final_report.tex:13: Package inputenc Error: Unicode char Ë°å (U+884C)
(inputenc)                not set up for use with LaTeX.

See the inputenc package documentation for explanation.
Type  H <return>  for immediate help.
 ...                                              
                                                  
l.13 Êú¨Á®ø„ÅØ„ÄÅÁèæÂú®Kaggle„Å´„Åä„ÅÑ„Å¶Ë°å
                                            „Çè„Çå„Å¶„ÅÑ„ÇãHome Credit Group...

Your command was ignored.
Type  I <command> <return>  to replace it with another command,
or  <return>  to continue without it.


./final_report.tex:13: Package inputenc Error: Unicode char „Çè (U+308F)
(inputenc)                not set up for use with LaTeX.

See the inputenc package documentation for explanation.
Type  H <return>  for immediate help.
 ...                                              
                                                  
l.13 Êú¨Á®ø„ÅØ„ÄÅÁèæÂú®Kaggle„Å´„Åä„ÅÑ„Å¶Ë°å„Çè
                                               „Çå„Å¶„ÅÑ„ÇãHome Credit Group...

Your command was ignored.
Type  I <command> <return>  to replace it with another command,
or  <return>  to continue without it.


./final_report.tex:13: Package inputenc Error: Unicode char „Çå (U+308C)
(inputenc)                not set up for use with LaTeX.

See the inputenc package documentation for explanation.
Type  H <return>  for immediate help.
 ...                                              
                                                  
l.13 Êú¨Á®ø„ÅØ„ÄÅÁèæÂú®Kaggle„Å´„Åä„ÅÑ„Å¶Ë°å„Çè„Çå
                                                  „Å¶„ÅÑ„ÇãHome Credit Group...

Your command was ignored.
Type  I <command> <return>  to replace it with another command,
or  <return>  to continue without it.


./final_report.tex:13: Package inputenc Error: Unicode char „Å¶ (U+3066)
(inputenc)                not set up for use with LaTeX.

See the inputenc package documentation for explanation.
Type  H <return>  for immediate help.
 ...                                              
                                                  
l.13 ...„ÅØ„ÄÅÁèæÂú®Kaggle„Å´„Åä„ÅÑ„Å¶Ë°å„Çè„Çå„Å¶
                                                  „ÅÑ„ÇãHome Credit Group„ÅÆ...

Your command was ignored.
Type  I <command> <return>  to replace it with another command,
or  <return>  to continue without it.


./final_report.tex:13: Package inputenc Error: Unicode char „ÅÑ (U+3044)
(inputenc)                not set up for use with LaTeX.

See the inputenc package documentation for explanation.
Type  H <return>  for immediate help.
 ...                                              
                                                  
l.13 ...„ÄÅÁèæÂú®Kaggle„Å´„Åä„ÅÑ„Å¶Ë°å„Çè„Çå„Å¶„ÅÑ
                                                  „ÇãHome Credit Group„ÅÆDef...

Your command was ignored.
Type  I <command> <return>  to replace it with another command,
or  <return>  to continue without it.


./final_report.tex:13: Package inputenc Error: Unicode char „Çã (U+308B)
(inputenc)                not set up for use with LaTeX.

See the inputenc package documentation for explanation.
Type  H <return>  for immediate help.
 ...                                              
                                                  
l.13 ...ÁèæÂú®Kaggle„Å´„Åä„ÅÑ„Å¶Ë°å„Çè„Çå„Å¶„ÅÑ„Çã
                                                  Home Credit Group„ÅÆDefaul...

Your command was ignored.
Type  I <command> <return>  to replace it with another command,
or  <return>  to continue without it.

Missing character: There is no H in font nullfont!
Missing character: There is no o in font nullfont!
Missing character: There is no m in font nullfont!
Missing character: There is no e in font nullfont!
Missing character: There is no C in font nullfont!
Missing character: There is no r in font nullfont!
Missing character: There is no e in font nullfont!
Missing character: There is no d in font nullfont!
Missing character: There is no i in font nullfont!
Missing character: There is no t in font nullfont!
Missing character: There is no G in font nullfont!
Missing character: There is no r in font nullfont!
Missing character: There is no o in font nullfont!
Missing character: There is no u in font nullfont!
Missing character: There is no p in font nullfont!

./final_report.tex:13: Package inputenc Error: Unicode char „ÅÆ (U+306E)
(inputenc)                not set up for use with LaTeX.

See the inputenc package documentation for explanation.
Type  H <return>  for immediate help.
 ...                                              
                                                  
l.13 ...Ñ„Å¶Ë°å„Çè„Çå„Å¶„ÅÑ„ÇãHome Credit Group„ÅÆ
                                                  Default Risk„ÇíË©ï‰æ°„Åô„Ç...

Your command was ignored.
Type  I <command> <return>  to replace it with another command,
or  <return>  to continue without it.

Missing character: There is no D in font nullfont!
Missing character: There is no e in font nullfont!
Missing character: There is no f in font nullfont!
Missing character: There is no a in font nullfont!
Missing character: There is no u in font nullfont!
Missing character: There is no l in font nullfont!
Missing character: There is no t in font nullfont!
Missing character: There is no R in font nullfont!
Missing character: There is no i in font nullfont!
Missing character: There is no s in font nullfont!
Missing character: There is no k in font nullfont!

./final_report.tex:13: Package inputenc Error: Unicode char „Çí (U+3092)
(inputenc)                not set up for use with LaTeX.

See the inputenc package documentation for explanation.
Type  H <return>  for immediate help.
 ...                                              
                                                  
l.13 ...¶„ÅÑ„ÇãHome Credit Group„ÅÆDefault Risk„Çí
                                                  Ë©ï‰æ°„Åô„Çã„Ç≥„É≥„Éö„ÉÜ„Ç...

Your command was ignored.
Type  I <command> <return>  to replace it with another command,
or  <return>  to continue without it.


./final_report.tex:13: Package inputenc Error: Unicode char Ë©ï (U+8A55)
(inputenc)                not set up for use with LaTeX.

See the inputenc package documentation for explanation.
Type  H <return>  for immediate help.
 ...                                              
                                                  
l.13 ...Ñ„ÇãHome Credit Group„ÅÆDefault Risk„ÇíË©ï
                                                  ‰æ°„Åô„Çã„Ç≥„É≥„Éö„ÉÜ„Ç£„Ç...

Your command was ignored.
Type  I <command> <return>  to replace it with another command,
or  <return>  to continue without it.


./final_report.tex:13: Package inputenc Error: Unicode char ‰æ° (U+4FA1)
(inputenc)                not set up for use with LaTeX.

See the inputenc package documentation for explanation.
Type  H <return>  for immediate help.
 ...                                              
                                                  
l.13 ...ãHome Credit Group„ÅÆDefault Risk„ÇíË©ï‰æ°
                                                  „Åô„Çã„Ç≥„É≥„Éö„ÉÜ„Ç£„Ç∑„É...

Your command was ignored.
Type  I <command> <return>  to replace it with another command,
or  <return>  to continue without it.


./final_report.tex:13: Package inputenc Error: Unicode char „Åô (U+3059)
(inputenc)                not set up for use with LaTeX.

See the inputenc package documentation for explanation.
Type  H <return>  for immediate help.
 ...                                              
                                                  
l.13 ...me Credit Group„ÅÆDefault Risk„ÇíË©ï‰æ°„Åô
                                                  „Çã„Ç≥„É≥„Éö„ÉÜ„Ç£„Ç∑„Éß„É...

Your command was ignored.
Type  I <command> <return>  to replace it with another command,
or  <return>  to continue without it.


./final_report.tex:13: Package inputenc Error: Unicode char „Çã (U+308B)
(inputenc)                not set up for use with LaTeX.

See the inputenc package documentation for explanation.
Type  H <return>  for immediate help.
 ...                                              
                                                  
l.13 ...Credit Group„ÅÆDefault Risk„ÇíË©ï‰æ°„Åô„Çã
                                                  „Ç≥„É≥„Éö„ÉÜ„Ç£„Ç∑„Éß„É≥Ho...

Your command was ignored.
Type  I <command> <return>  to replace it with another command,
or  <return>  to continue without it.


./final_report.tex:13: Package inputenc Error: Unicode char „Ç≥ (U+30B3)
(inputenc)                not set up for use with LaTeX.

See the inputenc package documentation for explanation.
Type  H <return>  for immediate help.
 ...                                              
                                                  
l.13 ...dit Group„ÅÆDefault Risk„ÇíË©ï‰æ°„Åô„Çã„Ç≥
                                                  „É≥„Éö„ÉÜ„Ç£„Ç∑„Éß„É≥Home-...

Your command was ignored.
Type  I <command> <return>  to replace it with another command,
or  <return>  to continue without it.


./final_report.tex:13: Package inputenc Error: Unicode char „É≥ (U+30F3)
(inputenc)                not set up for use with LaTeX.

See the inputenc package documentation for explanation.
Type  H <return>  for immediate help.
 ...                                              
                                                  
l.13 ... Group„ÅÆDefault Risk„ÇíË©ï‰æ°„Åô„Çã„Ç≥„É≥
                                                  „Éö„ÉÜ„Ç£„Ç∑„Éß„É≥Home-Cre...

Your command was ignored.
Type  I <command> <return>  to replace it with another command,
or  <return>  to continue without it.


./final_report.tex:13: Package inputenc Error: Unicode char „Éö (U+30DA)
(inputenc)                not set up for use with LaTeX.

See the inputenc package documentation for explanation.
Type  H <return>  for immediate help.
 ...                                              
                                                  
l.13 ...oup„ÅÆDefault Risk„ÇíË©ï‰æ°„Åô„Çã„Ç≥„É≥„Éö
                                                  „ÉÜ„Ç£„Ç∑„Éß„É≥Home-Credit...

Your command was ignored.
Type  I <command> <return>  to replace it with another command,
or  <return>  to continue without it.


./final_report.tex:13: Package inputenc Error: Unicode char „ÉÜ (U+30C6)
(inputenc)                not set up for use with LaTeX.

See the inputenc package documentation for explanation.
Type  H <return>  for immediate help.
 ...                                              
                                                  
l.13 ...„ÅÆDefault Risk„ÇíË©ï‰æ°„Åô„Çã„Ç≥„É≥„Éö„ÉÜ
                                                  „Ç£„Ç∑„Éß„É≥Home-Credit-De...

Your command was ignored.
Type  I <command> <return>  to replace it with another command,
or  <return>  to continue without it.


./final_report.tex:13: Package inputenc Error: Unicode char „Ç£ (U+30A3)
(inputenc)                not set up for use with LaTeX.

See the inputenc package documentation for explanation.
Type  H <return>  for immediate help.
 ...                                              
                                                  
l.13 ...Default Risk„ÇíË©ï‰æ°„Åô„Çã„Ç≥„É≥„Éö„ÉÜ„Ç£
                                                  „Ç∑„Éß„É≥Home-Credit-Defau...

Your command was ignored.
Type  I <command> <return>  to replace it with another command,
or  <return>  to continue without it.


./final_report.tex:13: Package inputenc Error: Unicode char „Ç∑ (U+30B7)
(inputenc)                not set up for use with LaTeX.

See the inputenc package documentation for explanation.
Type  H <return>  for immediate help.
 ...                                              
                                                  
l.13 ...ault Risk„ÇíË©ï‰æ°„Åô„Çã„Ç≥„É≥„Éö„ÉÜ„Ç£„Ç∑
                                                  „Éß„É≥Home-Credit-Default-...

Your command was ignored.
Type  I <command> <return>  to replace it with another command,
or  <return>  to continue without it.


./final_report.tex:13: Package inputenc Error: Unicode char „Éß (U+30E7)
(inputenc)                not set up for use with LaTeX.

See the inputenc package documentation for explanation.
Type  H <return>  for immediate help.
 ...                                              
                                                  
l.13 ...t Risk„ÇíË©ï‰æ°„Åô„Çã„Ç≥„É≥„Éö„ÉÜ„Ç£„Ç∑„Éß
                                                  „É≥Home-Credit-Default-Ris...

Your command was ignored.
Type  I <command> <return>  to replace it with another command,
or  <return>  to continue without it.


./final_report.tex:13: Package inputenc Error: Unicode char „É≥ (U+30F3)
(inputenc)                not set up for use with LaTeX.

See the inputenc package documentation for explanation.
Type  H <return>  for immediate help.
 ...                                              
                                                  
l.13 ...isk„ÇíË©ï‰æ°„Åô„Çã„Ç≥„É≥„Éö„ÉÜ„Ç£„Ç∑„Éß„É≥
                                                  Home-Credit-Default-Risk„Å...

Your command was ignored.
Type  I <command> <return>  to replace it with another command,
or  <return>  to continue without it.

Missing character: There is no H in font nullfont!
Missing character: There is no o in font nullfont!
Missing character: There is no m in font nullfont!
Missing character: There is no e in font nullfont!
Missing character: There is no - in font nullfont!
Missing character: There is no C in font nullfont!
Missing character: There is no r in font nullfont!
Missing character: There is no e in font nullfont!
Missing character: There is no d in font nullfont!
Missing character: There is no i in font nullfont!
Missing character: There is no t in font nullfont!
Missing character: There is no - in font nullfont!
Missing character: There is no D in font nullfont!
Missing character: There is no e in font nullfont!
Missing character: There is no f in font nullfont!
Missing character: There is no a in font nullfont!
Missing character: There is no u in font nullfont!
Missing character: There is no l in font nullfont!
Missing character: There is no t in font nullfont!
Missing character: There is no - in font nullfont!
Missing character: There is no R in font nullfont!
Missing character: There is no i in font nullfont!
Missing character: There is no s in font nullfont!
Missing character: There is no k in font nullfont!

./final_report.tex:13: Package inputenc Error: Unicode char „Å´ (U+306B)
(inputenc)                not set up for use with LaTeX.

See the inputenc package documentation for explanation.
Type  H <return>  for immediate help.
 ...                                              
                                                  
l.13 ...„ÉÜ„Ç£„Ç∑„Éß„É≥Home-Credit-Default-Risk„Å´
                                                  Áµ°„ÇÅ„Å¶
Your command was ignored.
Type  I <command> <return>  to replace it with another command,
or  <return>  to continue without it.


./final_report.tex:13: Package inputenc Error: Unicode char Áµ° (U+7D61)
(inputenc)                not set up for use with LaTeX.

See the inputenc package documentation for explanation.
Type  H <return>  for immediate help.
 ...                                              
                                                  
l.13 ...„Ç£„Ç∑„Éß„É≥Home-Credit-Default-Risk„Å´Áµ°
                                                  „ÇÅ„Å¶
Your command was ignored.
Type  I <command> <return>  to replace it with another command,
or  <return>  to continue without it.


./final_report.tex:13: Package inputenc Error: Unicode char „ÇÅ (U+3081)
(inputenc)                not set up for use with LaTeX.

See the inputenc package documentation for explanation.
Type  H <return>  for immediate help.
 ...                                              
                                                  
l.13 ...„Ç∑„Éß„É≥Home-Credit-Default-Risk„Å´Áµ°„ÇÅ
                                                  „Å¶
Your command was ignored.
Type  I <command> <return>  to replace it with another command,
or  <return>  to continue without it.


./final_report.tex:13: Package inputenc Error: Unicode char „Å¶ (U+3066)
(inputenc)                not set up for use with LaTeX.

See the inputenc package documentation for explanation.
Type  H <return>  for immediate help.
 ...                                              
                                                  
l.13 ...„Éß„É≥Home-Credit-Default-Risk„Å´Áµ°„ÇÅ„Å¶
                                                  
Your command was ignored.
Type  I <command> <return>  to replace it with another command,
or  <return>  to continue without it.

Missing character: There is no H in font nullfont!
Missing character: There is no o in font nullfont!
Missing character: There is no m in font nullfont!
Missing character: There is no e in font nullfont!
Missing character: There is no C in font nullfont!
Missing character: There is no r in font nullfont!
Missing character: There is no e in font nullfont!
Missing character: There is no d in font nullfont!
Missing character: There is no i in font nullfont!
Missing character: There is no t in font nullfont!

./final_report.tex:14: Package inputenc Error: Unicode char „Ç∞ (U+30B0)
(inputenc)                not set up for use with LaTeX.

See the inputenc package documentation for explanation.
Type  H <return>  for immediate help.
 ...                                              
                                                  
l.14 Home Credit„Ç∞
                   „É´„Éº„Éó„Å´„Å®„Å£„Å¶„Çà„Çä‰æ°ÂÄ§„ÅÆÈ´ò„ÅÑ„ÇØ„É¨„Ç∏„ÉÉ„Éà...

Your command was ignored.
Type  I <command> <return>  to replace it with another command,
or  <return>  to continue without it.


./final_report.tex:14: Package inputenc Error: Unicode char „É´ (U+30EB)
(inputenc)                not set up for use with LaTeX.

See the inputenc package documentation for explanation.
Type  H <return>  for immediate help.
 ...                                              
                                                  
l.14 Home Credit„Ç∞„É´
                      „Éº„Éó„Å´„Å®„Å£„Å¶„Çà„Çä‰æ°ÂÄ§„ÅÆÈ´ò„ÅÑ„ÇØ„É¨„Ç∏„ÉÉ„Éà...

Your command was ignored.
Type  I <command> <return>  to replace it with another command,
or  <return>  to continue without it.


./final_report.tex:14: Package inputenc Error: Unicode char „Éº (U+30FC)
(inputenc)                not set up for use with LaTeX.

See the inputenc package documentation for explanation.
Type  H <return>  for immediate help.
 ...                                              
                                                  
l.14 Home Credit„Ç∞„É´„Éº
                         „Éó„Å´„Å®„Å£„Å¶„Çà„Çä‰æ°ÂÄ§„ÅÆÈ´ò„ÅÑ„ÇØ„É¨„Ç∏„ÉÉ„Éà...

Your command was ignored.
Type  I <command> <return>  to replace it with another command,
or  <return>  to continue without it.


./final_report.tex:14: Package inputenc Error: Unicode char „Éó (U+30D7)
(inputenc)                not set up for use with LaTeX.

See the inputenc package documentation for explanation.
Type  H <return>  for immediate help.
 ...                                              
                                                  
l.14 Home Credit„Ç∞„É´„Éº„Éó
                            „Å´„Å®„Å£„Å¶„Çà„Çä‰æ°ÂÄ§„ÅÆÈ´ò„ÅÑ„ÇØ„É¨„Ç∏„ÉÉ„Éà...

Your command was ignored.
Type  I <command> <return>  to replace it with another command,
or  <return>  to continue without it.


./final_report.tex:14: Package inputenc Error: Unicode char „Å´ (U+306B)
(inputenc)                not set up for use with LaTeX.

See the inputenc package documentation for explanation.
Type  H <return>  for immediate help.
 ...                                              
                                                  
l.14 Home Credit„Ç∞„É´„Éº„Éó„Å´
                               „Å®„Å£„Å¶„Çà„Çä‰æ°ÂÄ§„ÅÆÈ´ò„ÅÑ„ÇØ„É¨„Ç∏„ÉÉ„Éà...

Your command was ignored.
Type  I <command> <return>  to replace it with another command,
or  <return>  to continue without it.


./final_report.tex:14: Package inputenc Error: Unicode char „Å® (U+3068)
(inputenc)                not set up for use with LaTeX.

See the inputenc package documentation for explanation.
Type  H <return>  for immediate help.
 ...                                              
                                                  
l.14 Home Credit„Ç∞„É´„Éº„Éó„Å´„Å®
                                  „Å£„Å¶„Çà„Çä‰æ°ÂÄ§„ÅÆÈ´ò„ÅÑ„ÇØ„É¨„Ç∏„ÉÉ„Éà...

Your command was ignored.
Type  I <command> <return>  to replace it with another command,
or  <return>  to continue without it.


./final_report.tex:14: Package inputenc Error: Unicode char „Å£ (U+3063)
(inputenc)                not set up for use with LaTeX.

See the inputenc package documentation for explanation.
Type  H <return>  for immediate help.
 ...                                              
                                                  
l.14 Home Credit„Ç∞„É´„Éº„Éó„Å´„Å®„Å£
                                     „Å¶„Çà„Çä‰æ°ÂÄ§„ÅÆÈ´ò„ÅÑ„ÇØ„É¨„Ç∏„ÉÉ„Éà...

Your command was ignored.
Type  I <command> <return>  to replace it with another command,
or  <return>  to continue without it.


./final_report.tex:14: Package inputenc Error: Unicode char „Å¶ (U+3066)
(inputenc)                not set up for use with LaTeX.

See the inputenc package documentation for explanation.
Type  H <return>  for immediate help.
 ...                                              
                                                  
l.14 Home Credit„Ç∞„É´„Éº„Éó„Å´„Å®„Å£„Å¶
                                        „Çà„Çä‰æ°ÂÄ§„ÅÆÈ´ò„ÅÑ„ÇØ„É¨„Ç∏„ÉÉ„Éà...

Your command was ignored.
Type  I <command> <return>  to replace it with another command,
or  <return>  to continue without it.


./final_report.tex:14: Package inputenc Error: Unicode char „Çà (U+3088)
(inputenc)                not set up for use with LaTeX.

See the inputenc package documentation for explanation.
Type  H <return>  for immediate help.
 ...                                              
                                                  
l.14 Home Credit„Ç∞„É´„Éº„Éó„Å´„Å®„Å£„Å¶„Çà
                                           „Çä‰æ°ÂÄ§„ÅÆÈ´ò„ÅÑ„ÇØ„É¨„Ç∏„ÉÉ„Éà...

Your command was ignored.
Type  I <command> <return>  to replace it with another command,
or  <return>  to continue without it.


./final_report.tex:14: Package inputenc Error: Unicode char „Çä (U+308A)
(inputenc)                not set up for use with LaTeX.

See the inputenc package documentation for explanation.
Type  H <return>  for immediate help.
 ...                                              
                                                  
l.14 Home Credit„Ç∞„É´„Éº„Éó„Å´„Å®„Å£„Å¶„Çà„Çä
                                              ‰æ°ÂÄ§„ÅÆÈ´ò„ÅÑ„ÇØ„É¨„Ç∏„ÉÉ„Éà...

Your command was ignored.
Type  I <command> <return>  to replace it with another command,
or  <return>  to continue without it.


./final_report.tex:14: Package inputenc Error: Unicode char ‰æ° (U+4FA1)
(inputenc)                not set up for use with LaTeX.

See the inputenc package documentation for explanation.
Type  H <return>  for immediate help.
 ...                                              
                                                  
l.14 Home Credit„Ç∞„É´„Éº„Éó„Å´„Å®„Å£„Å¶„Çà„Çä‰æ°
                                                 ÂÄ§„ÅÆÈ´ò„ÅÑ„ÇØ„É¨„Ç∏„ÉÉ„Éà...

Your command was ignored.
Type  I <command> <return>  to replace it with another command,
or  <return>  to continue without it.


./final_report.tex:14: Package inputenc Error: Unicode char ÂÄ§ (U+5024)
(inputenc)                not set up for use with LaTeX.

See the inputenc package documentation for explanation.
Type  H <return>  for immediate help.
 ...                                              
                                                  
l.14 ...Credit„Ç∞„É´„Éº„Éó„Å´„Å®„Å£„Å¶„Çà„Çä‰æ°ÂÄ§
                                                  „ÅÆÈ´ò„ÅÑ„ÇØ„É¨„Ç∏„ÉÉ„Éà„Ç...

Your command was ignored.
Type  I <command> <return>  to replace it with another command,
or  <return>  to continue without it.


./final_report.tex:14: Package inputenc Error: Unicode char „ÅÆ (U+306E)
(inputenc)                not set up for use with LaTeX.

See the inputenc package documentation for explanation.
Type  H <return>  for immediate help.
 ...                                              
                                                  
l.14 ...dit„Ç∞„É´„Éº„Éó„Å´„Å®„Å£„Å¶„Çà„Çä‰æ°ÂÄ§„ÅÆ
                                                  È´ò„ÅÑ„ÇØ„É¨„Ç∏„ÉÉ„Éà„Çπ„Ç...

Your command was ignored.
Type  I <command> <return>  to replace it with another command,
or  <return>  to continue without it.


./final_report.tex:14: Package inputenc Error: Unicode char È´ò (U+9AD8)
(inputenc)                not set up for use with LaTeX.

See the inputenc package documentation for explanation.
Type  H <return>  for immediate help.
 ...                                              
                                                  
l.14 ...„Ç∞„É´„Éº„Éó„Å´„Å®„Å£„Å¶„Çà„Çä‰æ°ÂÄ§„ÅÆÈ´ò
                                                  „ÅÑ„ÇØ„É¨„Ç∏„ÉÉ„Éà„Çπ„Ç≥„Ç...

Your command was ignored.
Type  I <command> <return>  to replace it with another command,
or  <return>  to continue without it.


./final_report.tex:14: Package inputenc Error: Unicode char „ÅÑ (U+3044)
(inputenc)                not set up for use with LaTeX.

See the inputenc package documentation for explanation.
Type  H <return>  for immediate help.
 ...                                              
                                                  
l.14 ...„É´„Éº„Éó„Å´„Å®„Å£„Å¶„Çà„Çä‰æ°ÂÄ§„ÅÆÈ´ò„ÅÑ
                                                  „ÇØ„É¨„Ç∏„ÉÉ„Éà„Çπ„Ç≥„Ç¢„É...

Your command was ignored.
Type  I <command> <return>  to replace it with another command,
or  <return>  to continue without it.


./final_report.tex:14: Package inputenc Error: Unicode char „ÇØ (U+30AF)
(inputenc)                not set up for use with LaTeX.

See the inputenc package documentation for explanation.
Type  H <return>  for immediate help.
 ...                                              
                                                  
l.14 ...„Éº„Éó„Å´„Å®„Å£„Å¶„Çà„Çä‰æ°ÂÄ§„ÅÆÈ´ò„ÅÑ„ÇØ
                                                  „É¨„Ç∏„ÉÉ„Éà„Çπ„Ç≥„Ç¢„É™„É...

Your command was ignored.
Type  I <command> <return>  to replace it with another command,
or  <return>  to continue without it.


./final_report.tex:14: Package inputenc Error: Unicode char „É¨ (U+30EC)
(inputenc)                not set up for use with LaTeX.

See the inputenc package documentation for explanation.
Type  H <return>  for immediate help.
 ...                                              
                                                  
l.14 ...„Éó„Å´„Å®„Å£„Å¶„Çà„Çä‰æ°ÂÄ§„ÅÆÈ´ò„ÅÑ„ÇØ„É¨
                                                  „Ç∏„ÉÉ„Éà„Çπ„Ç≥„Ç¢„É™„É≥„Ç...

Your command was ignored.
Type  I <command> <return>  to replace it with another command,
or  <return>  to continue without it.


./final_report.tex:14: Package inputenc Error: Unicode char „Ç∏ (U+30B8)
(inputenc)                not set up for use with LaTeX.

See the inputenc package documentation for explanation.
Type  H <return>  for immediate help.
 ...                                              
                                                  
l.14 ...„Å´„Å®„Å£„Å¶„Çà„Çä‰æ°ÂÄ§„ÅÆÈ´ò„ÅÑ„ÇØ„É¨„Ç∏
                                                  „ÉÉ„Éà„Çπ„Ç≥„Ç¢„É™„É≥„Ç∞„É...

Your command was ignored.
Type  I <command> <return>  to replace it with another command,
or  <return>  to continue without it.


./final_report.tex:14: Package inputenc Error: Unicode char „ÉÉ (U+30C3)
(inputenc)                not set up for use with LaTeX.

See the inputenc package documentation for explanation.
Type  H <return>  for immediate help.
 ...                                              
                                                  
l.14 ...„Å®„Å£„Å¶„Çà„Çä‰æ°ÂÄ§„ÅÆÈ´ò„ÅÑ„ÇØ„É¨„Ç∏„ÉÉ
                                                  „Éà„Çπ„Ç≥„Ç¢„É™„É≥„Ç∞„É¢„É...

Your command was ignored.
Type  I <command> <return>  to replace it with another command,
or  <return>  to continue without it.


./final_report.tex:14: Package inputenc Error: Unicode char „Éà (U+30C8)
(inputenc)                not set up for use with LaTeX.

See the inputenc package documentation for explanation.
Type  H <return>  for immediate help.
 ...                                              
                                                  
l.14 ...„Å£„Å¶„Çà„Çä‰æ°ÂÄ§„ÅÆÈ´ò„ÅÑ„ÇØ„É¨„Ç∏„ÉÉ„Éà
                                                  „Çπ„Ç≥„Ç¢„É™„É≥„Ç∞„É¢„Éá„É...

Your command was ignored.
Type  I <command> <return>  to replace it with another command,
or  <return>  to continue without it.


./final_report.tex:14: Package inputenc Error: Unicode char „Çπ (U+30B9)
(inputenc)                not set up for use with LaTeX.

See the inputenc package documentation for explanation.
Type  H <return>  for immediate help.
 ...                                              
                                                  
l.14 ...„Å¶„Çà„Çä‰æ°ÂÄ§„ÅÆÈ´ò„ÅÑ„ÇØ„É¨„Ç∏„ÉÉ„Éà„Çπ
                                                  „Ç≥„Ç¢„É™„É≥„Ç∞„É¢„Éá„É´„Ç...

Your command was ignored.
Type  I <command> <return>  to replace it with another command,
or  <return>  to continue without it.


./final_report.tex:14: Package inputenc Error: Unicode char „Ç≥ (U+30B3)
(inputenc)                not set up for use with LaTeX.

See the inputenc package documentation for explanation.
Type  H <return>  for immediate help.
 ...                                              
                                                  
l.14 ...„Çà„Çä‰æ°ÂÄ§„ÅÆÈ´ò„ÅÑ„ÇØ„É¨„Ç∏„ÉÉ„Éà„Çπ„Ç≥
                                                  „Ç¢„É™„É≥„Ç∞„É¢„Éá„É´„ÇíÊè...

Your command was ignored.
Type  I <command> <return>  to replace it with another command,
or  <return>  to continue without it.


./final_report.tex:14: Package inputenc Error: Unicode char „Ç¢ (U+30A2)
(inputenc)                not set up for use with LaTeX.

See the inputenc package documentation for explanation.
Type  H <return>  for immediate help.
 ...                                              
                                                  
l.14 ...„Çä‰æ°ÂÄ§„ÅÆÈ´ò„ÅÑ„ÇØ„É¨„Ç∏„ÉÉ„Éà„Çπ„Ç≥„Ç¢
                                                  „É™„É≥„Ç∞„É¢„Éá„É´„ÇíÊèêÊ°...

Your command was ignored.
Type  I <command> <return>  to replace it with another command,
or  <return>  to continue without it.


./final_report.tex:14: Package inputenc Error: Unicode char „É™ (U+30EA)
(inputenc)                not set up for use with LaTeX.

See the inputenc package documentation for explanation.
Type  H <return>  for immediate help.
 ...                                              
                                                  
l.14 ...‰æ°ÂÄ§„ÅÆÈ´ò„ÅÑ„ÇØ„É¨„Ç∏„ÉÉ„Éà„Çπ„Ç≥„Ç¢„É™
                                                  „É≥„Ç∞„É¢„Éá„É´„ÇíÊèêÊ°à„Å...

Your command was ignored.
Type  I <command> <return>  to replace it with another command,
or  <return>  to continue without it.


./final_report.tex:14: Package inputenc Error: Unicode char „É≥ (U+30F3)
(inputenc)                not set up for use with LaTeX.

See the inputenc package documentation for explanation.
Type  H <return>  for immediate help.
 ...                                              
                                                  
l.14 ...ÂÄ§„ÅÆÈ´ò„ÅÑ„ÇØ„É¨„Ç∏„ÉÉ„Éà„Çπ„Ç≥„Ç¢„É™„É≥
                                                  „Ç∞„É¢„Éá„É´„ÇíÊèêÊ°à„Åô„Ç...

Your command was ignored.
Type  I <command> <return>  to replace it with another command,
or  <return>  to continue without it.


./final_report.tex:14: Package inputenc Error: Unicode char „Ç∞ (U+30B0)
(inputenc)                not set up for use with LaTeX.

See the inputenc package documentation for explanation.
Type  H <return>  for immediate help.
 ...                                              
                                                  
l.14 ...„ÅÆÈ´ò„ÅÑ„ÇØ„É¨„Ç∏„ÉÉ„Éà„Çπ„Ç≥„Ç¢„É™„É≥„Ç∞
                                                  „É¢„Éá„É´„ÇíÊèêÊ°à„Åô„Çã„Ç...

Your command was ignored.
Type  I <command> <return>  to replace it with another command,
or  <return>  to continue without it.


./final_report.tex:14: Package inputenc Error: Unicode char „É¢ (U+30E2)
(inputenc)                not set up for use with LaTeX.

See the inputenc package documentation for explanation.
Type  H <return>  for immediate help.
 ...                                              
                                                  
l.14 ...È´ò„ÅÑ„ÇØ„É¨„Ç∏„ÉÉ„Éà„Çπ„Ç≥„Ç¢„É™„É≥„Ç∞„É¢
                                                  „Éá„É´„ÇíÊèêÊ°à„Åô„Çã„ÇÇ„Å...

Your command was ignored.
Type  I <command> <return>  to replace it with another command,
or  <return>  to continue without it.


./final_report.tex:14: Package inputenc Error: Unicode char „Éá (U+30C7)
(inputenc)                not set up for use with LaTeX.

See the inputenc package documentation for explanation.
Type  H <return>  for immediate help.
 ...                                              
                                                  
l.14 ...„ÅÑ„ÇØ„É¨„Ç∏„ÉÉ„Éà„Çπ„Ç≥„Ç¢„É™„É≥„Ç∞„É¢„Éá
                                                  „É´„ÇíÊèêÊ°à„Åô„Çã„ÇÇ„ÅÆ„Å...

Your command was ignored.
Type  I <command> <return>  to replace it with another command,
or  <return>  to continue without it.


./final_report.tex:14: Package inputenc Error: Unicode char „É´ (U+30EB)
(inputenc)                not set up for use with LaTeX.

See the inputenc package documentation for explanation.
Type  H <return>  for immediate help.
 ...                                              
                                                  
l.14 ...„ÇØ„É¨„Ç∏„ÉÉ„Éà„Çπ„Ç≥„Ç¢„É™„É≥„Ç∞„É¢„Éá„É´
                                                  „ÇíÊèêÊ°à„Åô„Çã„ÇÇ„ÅÆ„Åß„Å...

Your command was ignored.
Type  I <command> <return>  to replace it with another command,
or  <return>  to continue without it.


./final_report.tex:14: Package inputenc Error: Unicode char „Çí (U+3092)
(inputenc)                not set up for use with LaTeX.

See the inputenc package documentation for explanation.
Type  H <return>  for immediate help.
 ...                                              
                                                  
l.14 ...„É¨„Ç∏„ÉÉ„Éà„Çπ„Ç≥„Ç¢„É™„É≥„Ç∞„É¢„Éá„É´„Çí
                                                  ÊèêÊ°à„Åô„Çã„ÇÇ„ÅÆ„Åß„ÅÇ„Ç...

Your command was ignored.
Type  I <command> <return>  to replace it with another command,
or  <return>  to continue without it.


./final_report.tex:14: Package inputenc Error: Unicode char Êèê (U+63D0)
(inputenc)                not set up for use with LaTeX.

See the inputenc package documentation for explanation.
Type  H <return>  for immediate help.
 ...                                              
                                                  
l.14 ...„Ç∏„ÉÉ„Éà„Çπ„Ç≥„Ç¢„É™„É≥„Ç∞„É¢„Éá„É´„ÇíÊèê
                                                  Ê°à„Åô„Çã„ÇÇ„ÅÆ„Åß„ÅÇ„Çã„Ä...

Your command was ignored.
Type  I <command> <return>  to replace it with another command,
or  <return>  to continue without it.


./final_report.tex:14: Package inputenc Error: Unicode char Ê°à (U+6848)
(inputenc)                not set up for use with LaTeX.

See the inputenc package documentation for explanation.
Type  H <return>  for immediate help.
 ...                                              
                                                  
l.14 ...„ÉÉ„Éà„Çπ„Ç≥„Ç¢„É™„É≥„Ç∞„É¢„Éá„É´„ÇíÊèêÊ°à
                                                  „Åô„Çã„ÇÇ„ÅÆ„Åß„ÅÇ„Çã„ÄÇÊú...

Your command was ignored.
Type  I <command> <return>  to replace it with another command,
or  <return>  to continue without it.


./final_report.tex:14: Package inputenc Error: Unicode char „Åô (U+3059)
(inputenc)                not set up for use with LaTeX.

See the inputenc package documentation for explanation.
Type  H <return>  for immediate help.
 ...                                              
                                                  
l.14 ...„Éà„Çπ„Ç≥„Ç¢„É™„É≥„Ç∞„É¢„Éá„É´„ÇíÊèêÊ°à„Åô
                                                  „Çã„ÇÇ„ÅÆ„Åß„ÅÇ„Çã„ÄÇÊú¨Á®...

Your command was ignored.
Type  I <command> <return>  to replace it with another command,
or  <return>  to continue without it.


./final_report.tex:14: Package inputenc Error: Unicode char „Çã (U+308B)
(inputenc)                not set up for use with LaTeX.

See the inputenc package documentation for explanation.
Type  H <return>  for immediate help.
 ...                                              
                                                  
l.14 ...„Çπ„Ç≥„Ç¢„É™„É≥„Ç∞„É¢„Éá„É´„ÇíÊèêÊ°à„Åô„Çã
                                                  „ÇÇ„ÅÆ„Åß„ÅÇ„Çã„ÄÇÊú¨Á®ø„Å...

Your command was ignored.
Type  I <command> <return>  to replace it with another command,
or  <return>  to continue without it.


./final_report.tex:14: Package inputenc Error: Unicode char „ÇÇ (U+3082)
(inputenc)                not set up for use with LaTeX.

See the inputenc package documentation for explanation.
Type  H <return>  for immediate help.
 ...                                              
                                                  
l.14 ...„Ç≥„Ç¢„É™„É≥„Ç∞„É¢„Éá„É´„ÇíÊèêÊ°à„Åô„Çã„ÇÇ
                                                  „ÅÆ„Åß„ÅÇ„Çã„ÄÇÊú¨Á®ø„ÅØ„Ä...

Your command was ignored.
Type  I <command> <return>  to replace it with another command,
or  <return>  to continue without it.


./final_report.tex:14: Package inputenc Error: Unicode char „ÅÆ (U+306E)
(inputenc)                not set up for use with LaTeX.

See the inputenc package documentation for explanation.
Type  H <return>  for immediate help.
 ...                                              
                                                  
l.14 ...„Ç¢„É™„É≥„Ç∞„É¢„Éá„É´„ÇíÊèêÊ°à„Åô„Çã„ÇÇ„ÅÆ
                                                  „Åß„ÅÇ„Çã„ÄÇÊú¨Á®ø„ÅØ„ÄÅËÉ...

Your command was ignored.
Type  I <command> <return>  to replace it with another command,
or  <return>  to continue without it.


./final_report.tex:14: Package inputenc Error: Unicode char „Åß (U+3067)
(inputenc)                not set up for use with LaTeX.

See the inputenc package documentation for explanation.
Type  H <return>  for immediate help.
 ...                                              
                                                  
l.14 ...„É™„É≥„Ç∞„É¢„Éá„É´„ÇíÊèêÊ°à„Åô„Çã„ÇÇ„ÅÆ„Åß
                                                  „ÅÇ„Çã„ÄÇÊú¨Á®ø„ÅØ„ÄÅËÉåÊô...

Your command was ignored.
Type  I <command> <return>  to replace it with another command,
or  <return>  to continue without it.


./final_report.tex:14: Package inputenc Error: Unicode char „ÅÇ (U+3042)
(inputenc)                not set up for use with LaTeX.

See the inputenc package documentation for explanation.
Type  H <return>  for immediate help.
 ...                                              
                                                  
l.14 ...„É≥„Ç∞„É¢„Éá„É´„ÇíÊèêÊ°à„Åô„Çã„ÇÇ„ÅÆ„Åß„ÅÇ
                                                  „Çã„ÄÇÊú¨Á®ø„ÅØ„ÄÅËÉåÊôØ„É...

Your command was ignored.
Type  I <command> <return>  to replace it with another command,
or  <return>  to continue without it.


./final_report.tex:14: Package inputenc Error: Unicode char „Çã (U+308B)
(inputenc)                not set up for use with LaTeX.

See the inputenc package documentation for explanation.
Type  H <return>  for immediate help.
 ...                                              
                                                  
l.14 ...„Ç∞„É¢„Éá„É´„ÇíÊèêÊ°à„Åô„Çã„ÇÇ„ÅÆ„Åß„ÅÇ„Çã
                                                  „ÄÇÊú¨Á®ø„ÅØ„ÄÅËÉåÊôØ„ÉªÂ∞...

Your command was ignored.
Type  I <command> <return>  to replace it with another command,
or  <return>  to continue without it.


./final_report.tex:14: Package inputenc Error: Unicode char „ÄÇ (U+3002)
(inputenc)                not set up for use with LaTeX.

See the inputenc package documentation for explanation.
Type  H <return>  for immediate help.
 ...                                              
                                                  
l.14 ...„É¢„Éá„É´„ÇíÊèêÊ°à„Åô„Çã„ÇÇ„ÅÆ„Åß„ÅÇ„Çã„ÄÇ
                                                  Êú¨Á®ø„ÅØ„ÄÅËÉåÊôØ„ÉªÂ∞éÂÖ...

Your command was ignored.
Type  I <command> <return>  to replace it with another command,
or  <return>  to continue without it.


./final_report.tex:14: Package inputenc Error: Unicode char Êú¨ (U+672C)
(inputenc)                not set up for use with LaTeX.

See the inputenc package documentation for explanation.
Type  H <return>  for immediate help.
 ...                                              
                                                  
l.14 ...„Éá„É´„ÇíÊèêÊ°à„Åô„Çã„ÇÇ„ÅÆ„Åß„ÅÇ„Çã„ÄÇÊú¨
                                                  Á®ø„ÅØ„ÄÅËÉåÊôØ„ÉªÂ∞éÂÖ•„Ä...

Your command was ignored.
Type  I <command> <return>  to replace it with another command,
or  <return>  to continue without it.


./final_report.tex:14: Package inputenc Error: Unicode char Á®ø (U+7A3F)
(inputenc)                not set up for use with LaTeX.

See the inputenc package documentation for explanation.
Type  H <return>  for immediate help.
 ...                                              
                                                  
l.14 ...„É´„ÇíÊèêÊ°à„Åô„Çã„ÇÇ„ÅÆ„Åß„ÅÇ„Çã„ÄÇÊú¨Á®ø
                                                  „ÅØ„ÄÅËÉåÊôØ„ÉªÂ∞éÂÖ•„ÄÅ‰ª...

Your command was ignored.
Type  I <command> <return>  to replace it with another command,
or  <return>  to continue without it.


./final_report.tex:14: Package inputenc Error: Unicode char „ÅØ (U+306F)
(inputenc)                not set up for use with LaTeX.

See the inputenc package documentation for explanation.
Type  H <return>  for immediate help.
 ...                                              
                                                  
l.14 ...„ÇíÊèêÊ°à„Åô„Çã„ÇÇ„ÅÆ„Åß„ÅÇ„Çã„ÄÇÊú¨Á®ø„ÅØ
                                                  „ÄÅËÉåÊôØ„ÉªÂ∞éÂÖ•„ÄÅ‰ªÆË™...

Your command was ignored.
Type  I <command> <return>  to replace it with another command,
or  <return>  to continue without it.


./final_report.tex:14: Package inputenc Error: Unicode char „ÄÅ (U+3001)
(inputenc)                not set up for use with LaTeX.

See the inputenc package documentation for explanation.
Type  H <return>  for immediate help.
 ...                                              
                                                  
l.14 ...ÊèêÊ°à„Åô„Çã„ÇÇ„ÅÆ„Åß„ÅÇ„Çã„ÄÇÊú¨Á®ø„ÅØ„ÄÅ
                                                  ËÉåÊôØ„ÉªÂ∞éÂÖ•„ÄÅ‰ªÆË™¨„É...

Your command was ignored.
Type  I <command> <return>  to replace it with another command,
or  <return>  to continue without it.


./final_report.tex:14: Package inputenc Error: Unicode char ËÉå (U+80CC)
(inputenc)                not set up for use with LaTeX.

See the inputenc package documentation for explanation.
Type  H <return>  for immediate help.
 ...                                              
                                                  
l.14 ...Ê°à„Åô„Çã„ÇÇ„ÅÆ„Åß„ÅÇ„Çã„ÄÇÊú¨Á®ø„ÅØ„ÄÅËÉå
                                                  ÊôØ„ÉªÂ∞éÂÖ•„ÄÅ‰ªÆË™¨„ÉªË©...

Your command was ignored.
Type  I <command> <return>  to replace it with another command,
or  <return>  to continue without it.


./final_report.tex:14: Package inputenc Error: Unicode char ÊôØ (U+666F)
(inputenc)                not set up for use with LaTeX.

See the inputenc package documentation for explanation.
Type  H <return>  for immediate help.
 ...                                              
                                                  
l.14 ...„Åô„Çã„ÇÇ„ÅÆ„Åß„ÅÇ„Çã„ÄÇÊú¨Á®ø„ÅØ„ÄÅËÉåÊôØ
                                                  „ÉªÂ∞éÂÖ•„ÄÅ‰ªÆË™¨„ÉªË©ï‰æ...

Your command was ignored.
Type  I <command> <return>  to replace it with another command,
or  <return>  to continue without it.


./final_report.tex:14: Package inputenc Error: Unicode char „Éª (U+30FB)
(inputenc)                not set up for use with LaTeX.

See the inputenc package documentation for explanation.
Type  H <return>  for immediate help.
 ...                                              
                                                  
l.14 ...„Çã„ÇÇ„ÅÆ„Åß„ÅÇ„Çã„ÄÇÊú¨Á®ø„ÅØ„ÄÅËÉåÊôØ„Éª
                                                  Â∞éÂÖ•„ÄÅ‰ªÆË™¨„ÉªË©ï‰æ°„Ä...

Your command was ignored.
Type  I <command> <return>  to replace it with another command,
or  <return>  to continue without it.


./final_report.tex:14: Package inputenc Error: Unicode char Â∞é (U+5C0E)
(inputenc)                not set up for use with LaTeX.

See the inputenc package documentation for explanation.
Type  H <return>  for immediate help.
 ...                                              
                                                  
l.14 ...„ÇÇ„ÅÆ„Åß„ÅÇ„Çã„ÄÇÊú¨Á®ø„ÅØ„ÄÅËÉåÊôØ„ÉªÂ∞é
                                                  ÂÖ•„ÄÅ‰ªÆË™¨„ÉªË©ï‰æ°„ÄÅ‰æ...

Your command was ignored.
Type  I <command> <return>  to replace it with another command,
or  <return>  to continue without it.


./final_report.tex:14: Package inputenc Error: Unicode char ÂÖ• (U+5165)
(inputenc)                not set up for use with LaTeX.

See the inputenc package documentation for explanation.
Type  H <return>  for immediate help.
 ...                                              
                                                  
l.14 ...„ÅÆ„Åß„ÅÇ„Çã„ÄÇÊú¨Á®ø„ÅØ„ÄÅËÉåÊôØ„ÉªÂ∞éÂÖ•
                                                  „ÄÅ‰ªÆË™¨„ÉªË©ï‰æ°„ÄÅ‰æ°ÂÄ...

Your command was ignored.
Type  I <command> <return>  to replace it with another command,
or  <return>  to continue without it.


./final_report.tex:14: Package inputenc Error: Unicode char „ÄÅ (U+3001)
(inputenc)                not set up for use with LaTeX.

See the inputenc package documentation for explanation.
Type  H <return>  for immediate help.
 ...                                              
                                                  
l.14 ...„Åß„ÅÇ„Çã„ÄÇÊú¨Á®ø„ÅØ„ÄÅËÉåÊôØ„ÉªÂ∞éÂÖ•„ÄÅ
                                                  ‰ªÆË™¨„ÉªË©ï‰æ°„ÄÅ‰æ°ÂÄ§Êè...

Your command was ignored.
Type  I <command> <return>  to replace it with another command,
or  <return>  to continue without it.


./final_report.tex:14: Package inputenc Error: Unicode char ‰ªÆ (U+4EEE)
(inputenc)                not set up for use with LaTeX.

See the inputenc package documentation for explanation.
Type  H <return>  for immediate help.
 ...                                              
                                                  
l.14 ...„ÅÇ„Çã„ÄÇÊú¨Á®ø„ÅØ„ÄÅËÉåÊôØ„ÉªÂ∞éÂÖ•„ÄÅ‰ªÆ
                                                  Ë™¨„ÉªË©ï‰æ°„ÄÅ‰æ°ÂÄ§ÊèêÊ°...

Your command was ignored.
Type  I <command> <return>  to replace it with another command,
or  <return>  to continue without it.


./final_report.tex:14: Package inputenc Error: Unicode char Ë™¨ (U+8AAC)
(inputenc)                not set up for use with LaTeX.

See the inputenc package documentation for explanation.
Type  H <return>  for immediate help.
 ...                                              
                                                  
l.14 ...„Çã„ÄÇÊú¨Á®ø„ÅØ„ÄÅËÉåÊôØ„ÉªÂ∞éÂÖ•„ÄÅ‰ªÆË™¨
                                                  „ÉªË©ï‰æ°„ÄÅ‰æ°ÂÄ§ÊèêÊ°à„ÅÆ
Your command was ignored.
Type  I <command> <return>  to replace it with another command,
or  <return>  to continue without it.


./final_report.tex:14: Package inputenc Error: Unicode char „Éª (U+30FB)
(inputenc)                not set up for use with LaTeX.

See the inputenc package documentation for explanation.
Type  H <return>  for immediate help.
 ...                                              
                                                  
l.14 ...„ÄÇÊú¨Á®ø„ÅØ„ÄÅËÉåÊôØ„ÉªÂ∞éÂÖ•„ÄÅ‰ªÆË™¨„Éª
                                                  Ë©ï‰æ°„ÄÅ‰æ°ÂÄ§ÊèêÊ°à„ÅÆ
Your command was ignored.
Type  I <command> <return>  to replace it with another command,
or  <return>  to continue without it.


./final_report.tex:14: Package inputenc Error: Unicode char Ë©ï (U+8A55)
(inputenc)                not set up for use with LaTeX.

See the inputenc package documentation for explanation.
Type  H <return>  for immediate help.
 ...                                              
                                                  
l.14 ...Êú¨Á®ø„ÅØ„ÄÅËÉåÊôØ„ÉªÂ∞éÂÖ•„ÄÅ‰ªÆË™¨„ÉªË©ï
                                                  ‰æ°„ÄÅ‰æ°ÂÄ§ÊèêÊ°à„ÅÆ
Your command was ignored.
Type  I <command> <return>  to replace it with another command,
or  <return>  to continue without it.


./final_report.tex:14: Package inputenc Error: Unicode char ‰æ° (U+4FA1)
(inputenc)                not set up for use with LaTeX.

See the inputenc package documentation for explanation.
Type  H <return>  for immediate help.
 ...                                              
                                                  
l.14 ...Á®ø„ÅØ„ÄÅËÉåÊôØ„ÉªÂ∞éÂÖ•„ÄÅ‰ªÆË™¨„ÉªË©ï‰æ°
                                                  „ÄÅ‰æ°ÂÄ§ÊèêÊ°à„ÅÆ
Your command was ignored.
Type  I <command> <return>  to replace it with another command,
or  <return>  to continue without it.


./final_report.tex:14: Package inputenc Error: Unicode char „ÄÅ (U+3001)
(inputenc)                not set up for use with LaTeX.

See the inputenc package documentation for explanation.
Type  H <return>  for immediate help.
 ...                                              
                                                  
l.14 ...„ÅØ„ÄÅËÉåÊôØ„ÉªÂ∞éÂÖ•„ÄÅ‰ªÆË™¨„ÉªË©ï‰æ°„ÄÅ
                                                  ‰æ°ÂÄ§ÊèêÊ°à„ÅÆ
Your command was ignored.
Type  I <command> <return>  to replace it with another command,
or  <return>  to continue without it.


./final_report.tex:14: Package inputenc Error: Unicode char ‰æ° (U+4FA1)
(inputenc)                not set up for use with LaTeX.

See the inputenc package documentation for explanation.
Type  H <return>  for immediate help.
 ...                                              
                                                  
l.14 ...„ÄÅËÉåÊôØ„ÉªÂ∞éÂÖ•„ÄÅ‰ªÆË™¨„ÉªË©ï‰æ°„ÄÅ‰æ°
                                                  ÂÄ§ÊèêÊ°à„ÅÆ
Your command was ignored.
Type  I <command> <return>  to replace it with another command,
or  <return>  to continue without it.


./final_report.tex:14: Package inputenc Error: Unicode char ÂÄ§ (U+5024)
(inputenc)                not set up for use with LaTeX.

See the inputenc package documentation for explanation.
Type  H <return>  for immediate help.
 ...                                              
                                                  
l.14 ...ËÉåÊôØ„ÉªÂ∞éÂÖ•„ÄÅ‰ªÆË™¨„ÉªË©ï‰æ°„ÄÅ‰æ°ÂÄ§
                                                  ÊèêÊ°à„ÅÆ
Your command was ignored.
Type  I <command> <return>  to replace it with another command,
or  <return>  to continue without it.


./final_report.tex:14: Package inputenc Error: Unicode char Êèê (U+63D0)
(inputenc)                not set up for use with LaTeX.

See the inputenc package documentation for explanation.
Type  H <return>  for immediate help.
 ...                                              
                                                  
l.14 ...ÊôØ„ÉªÂ∞éÂÖ•„ÄÅ‰ªÆË™¨„ÉªË©ï‰æ°„ÄÅ‰æ°ÂÄ§Êèê
                                                  Ê°à„ÅÆ
Your command was ignored.
Type  I <command> <return>  to replace it with another command,
or  <return>  to continue without it.


./final_report.tex:14: Package inputenc Error: Unicode char Ê°à (U+6848)
(inputenc)                not set up for use with LaTeX.

See the inputenc package documentation for explanation.
Type  H <return>  for immediate help.
 ...                                              
                                                  
l.14 ...„ÉªÂ∞éÂÖ•„ÄÅ‰ªÆË™¨„ÉªË©ï‰æ°„ÄÅ‰æ°ÂÄ§ÊèêÊ°à
                                                  „ÅÆ
Your command was ignored.
Type  I <command> <return>  to replace it with another command,
or  <return>  to continue without it.


./final_report.tex:14: Package inputenc Error: Unicode char „ÅÆ (U+306E)
(inputenc)                not set up for use with LaTeX.

See the inputenc package documentation for explanation.
Type  H <return>  for immediate help.
 ...                                              
                                                  
l.14 ...Â∞éÂÖ•„ÄÅ‰ªÆË™¨„ÉªË©ï‰æ°„ÄÅ‰æ°ÂÄ§ÊèêÊ°à„ÅÆ
                                                  
Your command was ignored.
Type  I <command> <return>  to replace it with another command,
or  <return>  to continue without it.

Missing character: There is no 3 in font nullfont!

./final_report.tex:15: Package inputenc Error: Unicode char „Å§ (U+3064)
(inputenc)                not set up for use with LaTeX.

See the inputenc package documentation for explanation.
Type  H <return>  for immediate help.
 ...                                              
                                                  
l.15 3„Å§
         „ÅÆ„Çª„ÇØ„Ç∑„Éß„É≥„Åã„ÇâÊßãÊàê„Åï„Çå„Çã„ÄÇ
(That makes 100 errors; please try again.) 
Here is how much of TeX's memory you used:
 376 strings out of 493029
 3421 string characters out of 6136234
 53333 words of memory out of 5000000
 3988 multiletter control sequences out of 15000+600000
 3640 words of font info for 14 fonts, out of 8000000 for 9000
 1141 hyphenation exceptions out of 8191
 23i,0n,17p,220b,78s stack positions out of 5000i,500n,10000p,200000b,80000s

./final_report.tex:15:  ==> Fatal error occurred, no output PDF file produced!
